<?xml version="1.0" encoding="UTF-8"?>
<testng-results skipped="0" failed="1" total="1" passed="0">
  <reporter-output>
  </reporter-output>
  <suite name="Default suite" duration-ms="290" started-at="2017-01-05T05:36:48Z" finished-at="2017-01-05T05:36:48Z">
    <groups>
    </groups>
    <test name="Default test" duration-ms="290" started-at="2017-01-05T05:36:48Z" finished-at="2017-01-05T05:36:48Z">
      <class name="org.lenskart.tests.TestJsonSchema">
        <test-method status="FAIL" signature="case3()[pri:0, instance:org.lenskart.tests.TestJsonSchema@3ffc5af1]" name="case3" duration-ms="261" started-at="2017-01-05T11:06:48Z" finished-at="2017-01-05T11:06:48Z">
          <exception class="java.io.IOException">
            <message>
              <![CDATA[resource /Users/fcak17801/eclipse/workspace/Payments-API/json_schema_files/paymentMethod_schema.json not found]]>
            </message>
            <full-stacktrace>
              <![CDATA[java.io.IOException: resource /Users/fcak17801/eclipse/workspace/Payments-API/json_schema_files/paymentMethod_schema.json not found
	at com.github.fge.jackson.JsonLoader.fromResource(JsonLoader.java:91)
	at org.lenskart.tests.TestJsonSchema.case3(TestJsonSchema.java:69)
	at sun.reflect.NativeMethodAccessorImpl.invoke0(Native Method)
	at sun.reflect.NativeMethodAccessorImpl.invoke(NativeMethodAccessorImpl.java:62)
	at sun.reflect.DelegatingMethodAccessorImpl.invoke(DelegatingMethodAccessorImpl.java:43)
	at java.lang.reflect.Method.invoke(Method.java:497)
	at org.testng.internal.MethodInvocationHelper.invokeMethod(MethodInvocationHelper.java:100)
	at org.testng.internal.Invoker.invokeMethod(Invoker.java:646)
	at org.testng.internal.Invoker.invokeTestMethod(Invoker.java:811)
	at org.testng.internal.Invoker.invokeTestMethods(Invoker.java:1129)
	at org.testng.internal.TestMethodWorker.invokeTestMethods(TestMethodWorker.java:129)
	at org.testng.internal.TestMethodWorker.run(TestMethodWorker.java:112)
	at org.testng.TestRunner.privateRun(TestRunner.java:746)
	at org.testng.TestRunner.run(TestRunner.java:600)
	at org.testng.SuiteRunner.runTest(SuiteRunner.java:366)
	at org.testng.SuiteRunner.runSequentially(SuiteRunner.java:361)
	at org.testng.SuiteRunner.privateRun(SuiteRunner.java:319)
	at org.testng.SuiteRunner.run(SuiteRunner.java:268)
	at org.testng.SuiteRunnerWorker.runSuite(SuiteRunnerWorker.java:52)
	at org.testng.SuiteRunnerWorker.run(SuiteRunnerWorker.java:86)
	at org.testng.TestNG.runSuitesSequentially(TestNG.java:1264)
	at org.testng.TestNG.runSuitesLocally(TestNG.java:1189)
	at org.testng.TestNG.runSuites(TestNG.java:1104)
	at org.testng.TestNG.run(TestNG.java:1076)
	at org.testng.remote.AbstractRemoteTestNG.run(AbstractRemoteTestNG.java:126)
	at org.testng.remote.RemoteTestNG.initAndRun(RemoteTestNG.java:152)
	at org.testng.remote.RemoteTestNG.main(RemoteTestNG.java:57)
]]>
            </full-stacktrace>
          </exception> <!-- java.io.IOException -->
          <reporter-output>
          </reporter-output>
        </test-method> <!-- case3 -->
      </class> <!-- org.lenskart.tests.TestJsonSchema -->
    </test> <!-- Default test -->
  </suite> <!-- Default suite -->
</testng-results>
